Thu 21 Mar 2024 01:33:12 AM UTC: 
 tests:  0|5
total_score: 0/70
2387a1a
Thu 21 Mar 2024 01:38:23 AM UTC: 
 exercises.c | 10 +++++++++-
 1 file changed, 9 insertions(+), 1 deletion(-)
 tests:  1|4
total_score: 10/70
b559e57
Thu 21 Mar 2024 01:40:38 AM UTC: 
 exercises.c | 13 ++++++++++++-
 1 file changed, 12 insertions(+), 1 deletion(-)
 tests:  1|4
total_score: 10/70
2b99bd2
Thu 21 Mar 2024 01:40:55 AM UTC: 
 exercises.c | 3 +--
 1 file changed, 1 insertion(+), 2 deletions(-)
 tests:  2|3
total_score: 20/70
d2bbaf9
Thu 21 Mar 2024 01:43:58 AM UTC: 
 exercises.c | 5 +++--
 1 file changed, 3 insertions(+), 2 deletions(-)
In file included from test.c:5:
exercises.c: In function ‘crea_lista’:
exercises.c:51:7: error: implicit declaration of function ‘pushfront’; did you mean ‘pushFront’? [-Werror=implicit-function-declaration]
   51 |       pushfront(L, dato);
      |       ^~~~~~~~~
      |       pushFront
cc1: all warnings being treated as errors
Compilation failed
62dd76c
Thu 21 Mar 2024 01:44:06 AM UTC: 
 exercises.c | 2 +-
 1 file changed, 1 insertion(+), 1 deletion(-)
 tests:  2|3
total_score: 20/70
b7215d0
Thu 21 Mar 2024 01:46:43 AM UTC: 
 exercises.c | 10 +++++++++-
 1 file changed, 9 insertions(+), 1 deletion(-)
In file included from test.c:5:
exercises.c: In function ‘eliminaElementos’:
exercises.c:91:11: error: too many arguments to function ‘popCurrent’
   91 |           popCurrent(L, dato);
      |           ^~~~~~~~~~
In file included from exercises.c:6,
                 from test.c:5:
arraylist.h:32:7: note: declared here
   32 | void *popCurrent(List *L);
      |       ^~~~~~~~~~
Compilation failed
9f52d96
Thu 21 Mar 2024 01:47:17 AM UTC: 
 exercises.c | 2 +-
 1 file changed, 1 insertion(+), 1 deletion(-)
In file included from test.c:5:
exercises.c: In function ‘eliminaElementos’:
exercises.c:91:11: error: dereferencing ‘void *’ pointer [-Werror]
   91 |           *popCurrent(L);
      |           ^~~~~~~~~~~~~~
exercises.c:87:14: error: ‘dato’ is used uninitialized [-Werror=uninitialized]
   87 |   while(dato != NULL)
      |              ^
cc1: all warnings being treated as errors
Compilation failed
d25c034
Thu 21 Mar 2024 01:47:40 AM UTC: 
 exercises.c | 2 ++
 1 file changed, 2 insertions(+)
In file included from test.c:5:
exercises.c: In function ‘eliminaElementos’:
exercises.c:93:11: error: dereferencing ‘void *’ pointer [-Werror]
   93 |           *popCurrent(L);
      |           ^~~~~~~~~~~~~~
cc1: all warnings being treated as errors
Compilation failed
6c09c58
Thu 21 Mar 2024 01:47:59 AM UTC: 
 exercises.c | 2 +-
 1 file changed, 1 insertion(+), 1 deletion(-)
 tests:  3|2
total_score: 40/70
423f520
Thu 21 Mar 2024 01:52:32 AM UTC: 
 exercises.c | 17 ++++++++++++++++-
 1 file changed, 16 insertions(+), 1 deletion(-)
 tests:  0|0
c91242c
Thu 21 Mar 2024 01:54:03 AM UTC: 
 exercises.c | 5 +++--
 1 file changed, 3 insertions(+), 2 deletions(-)
 tests:  3|2
total_score: 40/70
6c90ff2
Thu 21 Mar 2024 01:57:50 AM UTC: 
 exercises.c | 6 ++++--
 1 file changed, 4 insertions(+), 2 deletions(-)
In file included from test.c:5:
exercises.c: In function ‘copia_pila’:
exercises.c:111:14: error: ‘dato’ is used uninitialized [-Werror=uninitialized]
  111 |   while(dato != NULL)
      |              ^
cc1: all warnings being treated as errors
Compilation failed
6cdcda9
Thu 21 Mar 2024 01:57:58 AM UTC: 
 exercises.c | 2 +-
 1 file changed, 1 insertion(+), 1 deletion(-)
 tests:  3|2
total_score: 40/70
75a4819
Thu 21 Mar 2024 01:58:17 AM UTC: 
 exercises.c | 2 ++
 1 file changed, 2 insertions(+)
 tests:  3|2
total_score: 40/70
2764274
Thu 21 Mar 2024 02:00:35 AM UTC: 
 exercises.c | 8 ++++++++
 1 file changed, 8 insertions(+)
 tests:  3|2
total_score: 40/70
0bf4184
Thu 21 Mar 2024 02:01:17 AM UTC: 
 exercises.c | 5 +++--
 1 file changed, 3 insertions(+), 2 deletions(-)
 tests:  3|2
total_score: 40/70
1670948
Thu 21 Mar 2024 02:01:43 AM UTC: 
 exercises.c | 2 +-
 1 file changed, 1 insertion(+), 1 deletion(-)
In file included from test.c:5:
exercises.c: In function ‘copia_pila’:
exercises.c:128:14: error: ‘p2’ undeclared (first use in this function); did you mean ‘P2’?
  128 |   dato = top(p2);
      |              ^~
      |              P2
exercises.c:128:14: note: each undeclared identifier is reported only once for each function it appears in
Compilation failed
8e79943
Thu 21 Mar 2024 02:01:46 AM UTC: 
 exercises.c | 2 +-
 1 file changed, 1 insertion(+), 1 deletion(-)
 tests:  3|2
total_score: 40/70
8ec3fa1
Thu 21 Mar 2024 02:03:16 AM UTC: 
 exercises.c | 10 +---------
 1 file changed, 1 insertion(+), 9 deletions(-)
 tests:  4|1
total_score: 50/70
5818f80
Thu 21 Mar 2024 02:06:18 AM UTC: 
 exercises.c | 31 ++++++++++++++++++++++++++++++-
 1 file changed, 30 insertions(+), 1 deletion(-)
 tests:  4|1
total_score: 50/70
c730ef7
Thu 21 Mar 2024 02:10:19 AM UTC: 
 exercises.c | 40 +++++++++++++++++++++++++++++++++++-----
 1 file changed, 35 insertions(+), 5 deletions(-)
 tests:  4|1
total_score: 50/70
480edc7
Thu 21 Mar 2024 02:10:31 AM UTC: 
 exercises.c | 2 +-
 1 file changed, 1 insertion(+), 1 deletion(-)
 tests:  5|1
total_score: 50/70
9c72519
Thu 21 Mar 2024 02:11:57 AM UTC: 
 exercises.c | 31 +------------------------------
 1 file changed, 1 insertion(+), 30 deletions(-)
In file included from test.c:5:
exercises.c: In function ‘parentesisBalanceados’:
exercises.c:160:15: error: suggest explicit braces to avoid ambiguous ‘else’ [-Werror=dangling-else]
  160 |             if(cadena[i] == '}')
      |               ^
exercises.c:169:1: error: control reaches end of non-void function [-Werror=return-type]
  169 | }
      | ^
cc1: all warnings being treated as errors
Compilation failed
7cf7ed0
Thu 21 Mar 2024 02:12:47 AM UTC: 
 exercises.c | 7 ++++---
 1 file changed, 4 insertions(+), 3 deletions(-)
In file included from test.c:5:
exercises.c: In function ‘parentesisBalanceados’:
exercises.c:170:1: error: control reaches end of non-void function [-Werror=return-type]
  170 | }
      | ^
cc1: all warnings being treated as errors
Compilation failed
a4e6285
Thu 21 Mar 2024 02:13:58 AM UTC: 
 exercises.c | 5 +++--
 1 file changed, 3 insertions(+), 2 deletions(-)
In file included from test.c:5:
exercises.c: In function ‘parentesisBalanceados’:
exercises.c:171:1: error: control reaches end of non-void function [-Werror=return-type]
  171 | }
      | ^
cc1: all warnings being treated as errors
Compilation failed
b911169
Thu 21 Mar 2024 02:15:11 AM UTC: 
 exercises.c | 7 ++++---
 1 file changed, 4 insertions(+), 3 deletions(-)
In file included from test.c:5:
exercises.c: In function ‘parentesisBalanceados’:
exercises.c:173:1: error: control reaches end of non-void function [-Werror=return-type]
  173 | }
      | ^
cc1: all warnings being treated as errors
Compilation failed
13b870d
Thu 21 Mar 2024 02:15:57 AM UTC: 
 exercises.c | 3 +--
 1 file changed, 1 insertion(+), 2 deletions(-)
In file included from test.c:5:
exercises.c: In function ‘parentesisBalanceados’:
exercises.c:172:1: error: control reaches end of non-void function [-Werror=return-type]
  172 | }
      | ^
cc1: all warnings being treated as errors
Compilation failed
9e8f16f
Thu 21 Mar 2024 02:17:33 AM UTC: 
 exercises.c | 13 +++++++++----
 1 file changed, 9 insertions(+), 4 deletions(-)
In file included from test.c:5:
exercises.c:177:1: error: expected identifier or ‘(’ before ‘}’ token
  177 | }
      | ^
exercises.c: In function ‘parentesisBalanceados’:
exercises.c:176:5: error: control reaches end of non-void function [-Werror=return-type]
  176 |     }
      |     ^
cc1: all warnings being treated as errors
Compilation failed
88e2f08
Thu 21 Mar 2024 02:17:48 AM UTC: 
 exercises.c | 1 -
 1 file changed, 1 deletion(-)
In file included from test.c:5:
exercises.c: In function ‘parentesisBalanceados’:
exercises.c:176:1: error: control reaches end of non-void function [-Werror=return-type]
  176 | }
      | ^
cc1: all warnings being treated as errors
Compilation failed
e4e25a2
Thu 21 Mar 2024 02:22:30 AM UTC: 
 exercises.c | 9 ++++++---
 1 file changed, 6 insertions(+), 3 deletions(-)
In file included from test.c:5:
exercises.c: In function ‘parentesisBalanceados’:
exercises.c:144:27: error: passing argument 2 of ‘push’ makes pointer from integer without a cast [-Werror=int-conversion]
  144 |             push(P, cadena[i]);
      |                     ~~~~~~^~~
      |                           |
      |                           char
In file included from exercises.c:7,
                 from test.c:5:
stack.h:11:31: note: expected ‘void *’ but argument is of type ‘char’
   11 | void push(Stack *stack, void *data) { pushFront(stack, data); }
      |                         ~~~~~~^~~~
In file included from test.c:5:
exercises.c: At top level:
exercises.c:175:5: error: expected identifier or ‘(’ before ‘if’
  175 |     if (top(P) == NULL)
      |     ^~
exercises.c:177:5: error: expected identifier or ‘(’ before ‘else’
  177 |     else
      |     ^~~~
exercises.c:179:1: error: expected identifier or ‘(’ before ‘}’ token
  179 | }
      | ^
exercises.c: In function ‘parentesisBalanceados’:
exercises.c:174:5: error: control reaches end of non-void function [-Werror=return-type]
  174 |     }
      |     ^
cc1: all warnings being treated as errors
Compilation failed
aec5504
Thu 21 Mar 2024 02:23:17 AM UTC: 
 exercises.c | 4 +++-
 1 file changed, 3 insertions(+), 1 deletion(-)
In file included from test.c:5:
exercises.c: In function ‘parentesisBalanceados’:
exercises.c:144:27: error: passing argument 2 of ‘push’ makes pointer from integer without a cast [-Werror=int-conversion]
  144 |             push(P, cadena[i]);
      |                     ~~~~~~^~~
      |                           |
      |                           char
In file included from exercises.c:7,
                 from test.c:5:
stack.h:11:31: note: expected ‘void *’ but argument is of type ‘char’
   11 | void push(Stack *stack, void *data) { pushFront(stack, data); }
      |                         ~~~~~~^~~~
cc1: all warnings being treated as errors
Compilation failed
0efbc03
Thu 21 Mar 2024 02:24:30 AM UTC: 
 exercises.c | 2 +-
 1 file changed, 1 insertion(+), 1 deletion(-)
In file included from test.c:5:
exercises.c: In function ‘parentesisBalanceados’:
exercises.c:144:21: error: cast to pointer from integer of different size [-Werror=int-to-pointer-cast]
  144 |             push(P, (void *)cadena[i]);
      |                     ^
cc1: all warnings being treated as errors
Compilation failed
1d63408
Thu 21 Mar 2024 02:28:11 AM UTC: 
 exercises.c | 7 ++++++-
 1 file changed, 6 insertions(+), 1 deletion(-)
In file included from test.c:5:
exercises.c: In function ‘parentesisBalanceados’:
exercises.c:146:14: error: assignment to ‘char *’ from ‘char’ makes pointer from integer without a cast [-Werror=int-conversion]
  146 |         dato = cadena[i];
      |              ^
cc1: all warnings being treated as errors
Compilation failed
35c4c1e
Thu 21 Mar 2024 02:28:23 AM UTC: 
 exercises.c | 2 +-
 1 file changed, 1 insertion(+), 1 deletion(-)
 tests:  7|1
total_score: 60/70
f4f5a59
Thu 21 Mar 2024 02:32:27 AM UTC: 
 exercises.c | 28 ++++++++++------------------
 1 file changed, 10 insertions(+), 18 deletions(-)
In file included from test.c:5:
exercises.c: In function ‘parentesisBalanceados’:
exercises.c:145:27: error: passing argument 2 of ‘push’ makes pointer from integer without a cast [-Werror=int-conversion]
  145 |             push(P, cadena[i]);
      |                     ~~~~~~^~~
      |                           |
      |                           char
In file included from exercises.c:7,
                 from test.c:5:
stack.h:11:31: note: expected ‘void *’ but argument is of type ‘char’
   11 | void push(Stack *stack, void *data) { pushFront(stack, data); }
      |                         ~~~~~~^~~~
In file included from test.c:5:
exercises.c:150:27: error: comparison between pointer and integer [-Werror]
  150 |                 if(top(P) != '(')
      |                           ^~
exercises.c:157:27: error: comparison between pointer and integer [-Werror]
  157 |                 if(top(P) != '[')
      |                           ^~
exercises.c:164:27: error: comparison between pointer and integer [-Werror]
  164 |                 if(top(P) != '{')
      |                           ^~
cc1: all warnings being treated as errors
Compilation failed
1933517
Thu 21 Mar 2024 02:33:03 AM UTC: 
 exercises.c | 6 +++---
 1 file changed, 3 insertions(+), 3 deletions(-)
In file included from test.c:5:
exercises.c: In function ‘parentesisBalanceados’:
exercises.c:145:27: error: passing argument 2 of ‘push’ makes pointer from integer without a cast [-Werror=int-conversion]
  145 |             push(P, cadena[i]);
      |                     ~~~~~~^~~
      |                           |
      |                           char
In file included from exercises.c:7,
                 from test.c:5:
stack.h:11:31: note: expected ‘void *’ but argument is of type ‘char’
   11 | void push(Stack *stack, void *data) { pushFront(stack, data); }
      |                         ~~~~~~^~~~
In file included from test.c:5:
exercises.c:150:34: error: comparison between pointer and integer [-Werror]
  150 |                 if((char*)top(P) != '(')
      |                                  ^~
exercises.c:157:34: error: comparison between pointer and integer [-Werror]
  157 |                 if((char*)top(P) != '[')
      |                                  ^~
exercises.c:164:34: error: comparison between pointer and integer [-Werror]
  164 |                 if((char*)top(P) != '{')
      |                                  ^~
cc1: all warnings being treated as errors
Compilation failed
8dd5c40
Thu 21 Mar 2024 02:33:26 AM UTC: 
 exercises.c | 28 ++++++++++++++++++----------
 1 file changed, 18 insertions(+), 10 deletions(-)
 tests:  7|1
total_score: 60/70
6086627
Thu 21 Mar 2024 11:13:30 PM UTC: 
 exercises.c | 23 +----------------------
 1 file changed, 1 insertion(+), 22 deletions(-)
In file included from test.c:5:
exercises.c: In function ‘parentesisBalanceados’:
exercises.c:152:73: error: expected statement before ‘)’ token
  152 |             if(cadena[i] == ')' || cadena[i] == ']' || cadena[i] == '}'))
      |                                                                         ^
In file included from test.c:6:
arraylist.c: In function ‘create_list’:
arraylist.c:15:34: error: invalid application of ‘sizeof’ to incomplete type ‘List’
   15 |   List* L = (List*)malloc(sizeof(List));
      |                                  ^~~~
arraylist.c:16:4: error: invalid use of incomplete typedef ‘List’
   16 |   L->current = 0;
      |    ^~
arraylist.c:17:4: error: invalid use of incomplete typedef ‘List’
   17 |   L->size = 0;
      |    ^~
arraylist.c: In function ‘first’:
arraylist.c:22:7: error: invalid use of incomplete typedef ‘List’
   22 |   if(L->size == 0) {
      |       ^~
arraylist.c:25:4: error: invalid use of incomplete typedef ‘List’
   25 |   L->current = 0;
      |    ^~
arraylist.c:26:11: error: invalid use of incomplete typedef ‘List’
   26 |   return L->data[L->current];
      |           ^~
arraylist.c:26:19: error: invalid use of incomplete typedef ‘List’
   26 |   return L->data[L->current];
      |                   ^~
arraylist.c: In function ‘next’:
arraylist.c:30:7: error: invalid use of incomplete typedef ‘List’
   30 |   if(L->current < L->size - 1) {
      |       ^~
arraylist.c:30:20: error: invalid use of incomplete typedef ‘List’
   30 |   if(L->current < L->size - 1) {
      |                    ^~
arraylist.c:31:6: error: invalid use of incomplete typedef ‘List’
   31 |     L->current++;
      |      ^~
arraylist.c:32:13: error: invalid use of incomplete typedef ‘List’
   32 |     return L->data[L->current];
      |             ^~
arraylist.c:32:21: error: invalid use of incomplete typedef ‘List’
   32 |     return L->data[L->current];
      |                     ^~
arraylist.c: In function ‘pushFront’:
arraylist.c:38:7: error: invalid use of incomplete typedef ‘List’
   38 |   if(L->size == 0) {
      |       ^~
arraylist.c:39:6: error: invalid use of incomplete typedef ‘List’
   39 |     L->data[0] = dato;
      |      ^~
arraylist.c:40:6: error: invalid use of incomplete typedef ‘List’
   40 |     L->size++;
      |      ^~
arraylist.c:43:16: error: invalid use of incomplete typedef ‘List’
   43 |   for(int i = L->size; i > 0; i--) {
      |                ^~
arraylist.c:44:6: error: invalid use of incomplete typedef ‘List’
   44 |     L->data[i] = L->data[i - 1];
      |      ^~
arraylist.c:44:19: error: invalid use of incomplete typedef ‘List’
   44 |     L->data[i] = L->data[i - 1];
      |                   ^~
arraylist.c:46:4: error: invalid use of incomplete typedef ‘List’
   46 |   L->data[0] = dato;
      |    ^~
arraylist.c:47:4: error: invalid use of incomplete typedef ‘List’
   47 |   L->size++;
      |    ^~
arraylist.c: In function ‘pushBack’:
arraylist.c:51:4: error: invalid use of incomplete typedef ‘List’
   51 |   L->data[L->size] = dato;
      |    ^~
arraylist.c:51:12: error: invalid use of incomplete typedef ‘List’
   51 |   L->data[L->size] = dato;
      |            ^~
arraylist.c:52:4: error: invalid use of incomplete typedef ‘List’
   52 |   L->size++;
      |    ^~
arraylist.c: In function ‘pushCurrent’:
arraylist.c:56:7: error: invalid use of incomplete typedef ‘List’
   56 |   if(L->size == 0) {
      |       ^~
arraylist.c:57:6: error: invalid use of incomplete typedef ‘List’
   57 |     L->data[0] = dato;
      |      ^~
arraylist.c:58:6: error: invalid use of incomplete typedef ‘List’
   58 |     L->size++;
      |      ^~
arraylist.c:61:16: error: invalid use of incomplete typedef ‘List’
   61 |   for(int i = L->size; i > L->current; i--) {
      |                ^~
arraylist.c:61:29: error: invalid use of incomplete typedef ‘List’
   61 |   for(int i = L->size; i > L->current; i--) {
      |                             ^~
arraylist.c:62:6: error: invalid use of incomplete typedef ‘List’
   62 |     L->data[i] = L->data[i - 1];
      |      ^~
arraylist.c:62:19: error: invalid use of incomplete typedef ‘List’
   62 |     L->data[i] = L->data[i - 1];
      |                   ^~
arraylist.c:64:4: error: invalid use of incomplete typedef ‘List’
   64 |   L->data[L->current + 1] = dato;
      |    ^~
arraylist.c:64:12: error: invalid use of incomplete typedef ‘List’
   64 |   L->data[L->current + 1] = dato;
      |            ^~
arraylist.c:65:4: error: invalid use of incomplete typedef ‘List’
   65 |   L->size++;
      |    ^~
arraylist.c: In function ‘popFront’:
arraylist.c:69:7: error: invalid use of incomplete typedef ‘List’
   69 |   if(L->size == 0) {
      |       ^~
arraylist.c:72:17: error: invalid use of incomplete typedef ‘List’
   72 |   void* dato = L->data[0];
      |                 ^~
arraylist.c:73:23: error: invalid use of incomplete typedef ‘List’
   73 |   for(int i = 0; i < L->size - 1; i++) {
      |                       ^~
arraylist.c:74:6: error: invalid use of incomplete typedef ‘List’
   74 |     L->data[i] = L->data[i + 1];
      |      ^~
arraylist.c:74:19: error: invalid use of incomplete typedef ‘List’
   74 |     L->data[i] = L->data[i + 1];
      |                   ^~
arraylist.c:76:4: error: invalid use of incomplete typedef ‘List’
   76 |   L->size--;
      |    ^~
arraylist.c: In function ‘popBack’:
arraylist.c:81:7: error: invalid use of incomplete typedef ‘List’
   81 |   if(L->size == 0) {
      |       ^~
arraylist.c:84:17: error: invalid use of incomplete typedef ‘List’
   84 |   void* dato = L->data[L->size - 1];
      |                 ^~
arraylist.c:84:25: error: invalid use of incomplete typedef ‘List’
   84 |   void* dato = L->data[L->size - 1];
      |                         ^~
arraylist.c:85:4: error: invalid use of incomplete typedef ‘List’
   85 |   L->size--;
      |    ^~
arraylist.c: In function ‘popCurrent’:
arraylist.c:90:7: error: invalid use of incomplete typedef ‘List’
   90 |   if(L->size == 0) {
      |       ^~
arraylist.c:93:17: error: invalid use of incomplete typedef ‘List’
   93 |   void* dato = L->data[L->current];
      |                 ^~
arraylist.c:93:25: error: invalid use of incomplete typedef ‘List’
   93 |   void* dato = L->data[L->current];
      |                         ^~
arraylist.c:94:16: error: invalid use of incomplete typedef ‘List’
   94 |   for(int i = L->current; i < L->size - 1; i++) {
      |                ^~
arraylist.c:94:32: error: invalid use of incomplete typedef ‘List’
   94 |   for(int i = L->current; i < L->size - 1; i++) {
      |                                ^~
arraylist.c:95:6: error: invalid use of incomplete typedef ‘List’
   95 |     L->data[i] = L->data[i + 1];
      |      ^~
arraylist.c:95:19: error: invalid use of incomplete typedef ‘List’
   95 |     L->data[i] = L->data[i + 1];
      |                   ^~
arraylist.c:97:4: error: invalid use of incomplete typedef ‘List’
   97 |   L->size--;
      |    ^~
arraylist.c:98:4: error: invalid use of incomplete typedef ‘List’
   98 |   L->current--;
      |    ^~
arraylist.c: In function ‘get_size’:
arraylist.c:103:11: error: invalid use of incomplete typedef ‘List’
  103 |   return L->size;
      |           ^~
test.c: In function ‘parentesisBalanceados’:
test.c:253:5: error: ‘main’ is normally a non-static function [-Werror=main]
  253 | int main( int argc, char *argv[] ) {
      |     ^~~~
test.c:271:1: error: expected declaration or statement at end of input
  271 | }
      | ^
test.c:272: error: control reaches end of non-void function [-Werror=return-type]
In file included from test.c:6:
arraylist.c: In function ‘first’:
arraylist.c:27:1: error: control reaches end of non-void function [-Werror=return-type]
   27 | }
      | ^
At top level:
test.c:253:5: error: ‘main’ defined but not used [-Werror=unused-function]
  253 | int main( int argc, char *argv[] ) {
      |     ^~~~
test.c:37:6: error: ‘info_msg’ defined but not used [-Werror=unused-function]
   37 | void info_msg(char* msg){
      |      ^~~~~~~~
In file included from test.c:6:
arraylist.c:102:5: error: ‘get_size’ defined but not used [-Werror=unused-function]
  102 | int get_size(List *L) {
      |     ^~~~~~~~
arraylist.c:89:7: error: ‘popCurrent’ defined but not used [-Werror=unused-function]
   89 | void* popCurrent(List *L) {
      |       ^~~~~~~~~~
arraylist.c:80:7: error: ‘popBack’ defined but not used [-Werror=unused-function]
   80 | void* popBack(List *L) {
      |       ^~~~~~~
arraylist.c:68:7: error: ‘popFront’ defined but not used [-Werror=unused-function]
   68 | void* popFront(List *L) {
      |       ^~~~~~~~
arraylist.c:55:6: error: ‘pushCurrent’ defined but not used [-Werror=unused-function]
   55 | void pushCurrent(List *L, void *dato) {
      |      ^~~~~~~~~~~
arraylist.c:37:6: error: ‘pushFront’ defined but not used [-Werror=unused-function]
   37 | void pushFront(List *L, void *dato) {
      |      ^~~~~~~~~
cc1: all warnings being treated as errors
Compilation failed
d9357a5
